<?xml version="1.0" encoding="UTF-8"?>
<!-- Generated by org.testng.reporters.JUnitReportReporter -->
<testsuite hostname="DESKTOP-BPNQDE7" failures="0" tests="1" name="POM.TestRunner" time="9.731" errors="0" timestamp="2023-08-12T16:56:49 IST" skipped="0">
  <testcase classname="POM.TestRunner" name="Face" time="9.731"/>
</testsuite> <!-- POM.TestRunner -->
