<?xml version="1.0" encoding="UTF-8"?>
<!-- Generated by org.testng.reporters.JUnitReportReporter -->
<testsuite hostname="DESKTOP-BPNQDE7" failures="0" tests="1" name="verification.verify" time="4.489" errors="0" timestamp="2023-08-13T15:20:46 IST" skipped="0">
  <testcase classname="verification.verify" name="amazon" time="4.489"/>
</testsuite> <!-- verification.verify -->
