<?xml version="1.0" encoding="UTF-8"?>
<!-- Generated by org.testng.reporters.JUnitReportReporter -->
<testsuite hostname="DESKTOP-BPNQDE7" failures="0" tests="1" name="Basic_Hybrid.Runner_class" time="11.235" errors="0" timestamp="2023-08-12T17:43:54 IST" skipped="0">
  <testcase classname="Basic_Hybrid.Runner_class" name="Face" time="11.235"/>
</testsuite> <!-- Basic_Hybrid.Runner_class -->
