<?xml version="1.0" encoding="UTF-8"?>
<!-- Generated by org.testng.reporters.JUnitReportReporter -->
<testsuite hostname="DESKTOP-BPNQDE7" failures="0" tests="1" name="ExtentReport.report" time="0.817" errors="0" timestamp="2023-08-20T13:53:55 IST" skipped="0">
  <testcase classname="ExtentReport.report" name="run" time="0.817"/>
</testsuite> <!-- ExtentReport.report -->
