<?xml version="1.0" encoding="UTF-8"?>
<!-- Generated by org.testng.reporters.JUnitReportReporter -->
<testsuite hostname="DESKTOP-BPNQDE7" failures="0" tests="1" name="verification.verify_url" time="4.629" errors="0" timestamp="2023-08-13T16:07:33 IST" skipped="0">
  <testcase classname="verification.verify_url" name="google" time="4.629"/>
</testsuite> <!-- verification.verify_url -->
